<?xml version="1.0" encoding="UTF-8"?>
<testng-results skipped="0" failed="0" ignored="0" total="1" passed="1">
  <reporter-output>
  </reporter-output>
  <suite name="Default suite" duration-ms="4372" started-at="2023-03-25T11:28:13 IST" finished-at="2023-03-25T11:28:17 IST">
    <groups>
      <group name="cucumber">
        <method signature="AbstractTestNGCucumberTests.runScenario(io.cucumber.testng.PickleWrapper,io.cucumber.testng.FeatureWrapper)[pri:0, instance:cucumber.TestRunners@6121c9d6]" name="runScenario" class="io.cucumber.testng.AbstractTestNGCucumberTests"/>
      </group> <!-- cucumber -->
    </groups>
    <test name="Default test" duration-ms="4372" started-at="2023-03-25T11:28:13 IST" finished-at="2023-03-25T11:28:17 IST">
      <class name="cucumber.TestRunners">
        <test-method status="PASS" signature="setUpClass(org.testng.ITestContext)[pri:0, instance:cucumber.TestRunners@6121c9d6]" name="setUpClass" is-config="true" duration-ms="517" started-at="2023-03-25T11:28:13 IST" finished-at="2023-03-25T11:28:13 IST">
          <params>
            <param index="0">
              <value>
                <![CDATA[org.testng.TestRunner@622fdb81]]>
              </value>
            </param>
          </params>
          <reporter-output>
          </reporter-output>
        </test-method> <!-- setUpClass -->
        <test-method status="PASS" signature="runScenario(io.cucumber.testng.PickleWrapper,io.cucumber.testng.FeatureWrapper)[pri:0, instance:cucumber.TestRunners@6121c9d6]" name="runScenario" duration-ms="3239" started-at="2023-03-25T11:28:13 IST" description="Runs Cucumber Scenarios" data-provider="scenarios" finished-at="2023-03-25T11:28:16 IST">
          <params>
            <param index="0">
              <value>
                <![CDATA["Create booking with valid data"]]>
              </value>
            </param>
            <param index="1">
              <value>
                <![CDATA["Optional[Create Booking]"]]>
              </value>
            </param>
          </params>
          <reporter-output>
          </reporter-output>
        </test-method> <!-- runScenario -->
        <test-method status="PASS" signature="tearDownClass()[pri:0, instance:cucumber.TestRunners@6121c9d6]" name="tearDownClass" is-config="true" duration-ms="572" started-at="2023-03-25T11:28:16 IST" finished-at="2023-03-25T11:28:17 IST">
          <reporter-output>
          </reporter-output>
        </test-method> <!-- tearDownClass -->
      </class> <!-- cucumber.TestRunners -->
    </test> <!-- Default test -->
  </suite> <!-- Default suite -->
</testng-results>
